[0.012s] Invoking command in '/home/yanwen/ros2_tutorials/build/custom_interfaces': CMAKE_PREFIX_PATH=${CMAKE_PREFIX_PATH}:/home/yanwen/ros2_tutorials/install/ros2_tutorials_py:/opt/ros/humble /usr/bin/cmake /home/yanwen/ros2_tutorials/src/custom_interfaces -DCMAKE_INSTALL_PREFIX=/home/yanwen/ros2_tutorials/install/custom_interfaces
[0.048s] -- The C compiler identification is GNU 11.4.0
[0.090s] -- The CXX compiler identification is GNU 11.4.0
[0.097s] -- Detecting C compiler ABI info
[0.145s] -- Detecting C compiler ABI info - done
[0.150s] -- Check for working C compiler: /usr/bin/cc - skipped
[0.150s] -- Detecting C compile features
[0.151s] -- Detecting C compile features - done
[0.153s] -- Detecting CXX compiler ABI info
[0.208s] -- Detecting CXX compiler ABI info - done
[0.213s] -- Check for working CXX compiler: /usr/bin/c++ - skipped
[0.213s] -- Detecting CXX compile features
[0.214s] -- Detecting CXX compile features - done
[0.215s] -- Found ament_cmake: 1.3.9 (/opt/ros/humble/share/ament_cmake/cmake)
[0.325s] -- Found Python3: /usr/bin/python3 (found version "3.10.12") found components: Interpreter 
[0.389s] -- Found rosidl_default_generators: 1.2.0 (/opt/ros/humble/share/rosidl_default_generators/cmake)
[0.391s] -- Using all available rosidl_typesupport_c: rosidl_typesupport_fastrtps_c;rosidl_typesupport_introspection_c
[0.395s] -- Found rosidl_adapter: 3.1.5 (/opt/ros/humble/share/rosidl_adapter/cmake)
[0.423s] -- Using all available rosidl_typesupport_cpp: rosidl_typesupport_fastrtps_cpp;rosidl_typesupport_introspection_cpp
[0.624s] -- Found ament_cmake_ros: 0.10.0 (/opt/ros/humble/share/ament_cmake_ros/cmake)
[0.762s] -- Using all available rosidl_typesupport_c: rosidl_typesupport_fastrtps_c;rosidl_typesupport_introspection_c
[0.929s] -- Using all available rosidl_typesupport_cpp: rosidl_typesupport_fastrtps_cpp;rosidl_typesupport_introspection_cpp
[0.946s] -- Found PythonInterp: /usr/bin/python3 (found suitable version "3.10.12", minimum required is "3.6") 
[0.947s] -- Found python_cmake_module: 0.10.0 (/opt/ros/humble/share/python_cmake_module/cmake)
[0.967s] -- Found PythonLibs: /usr/lib/x86_64-linux-gnu/libpython3.10.so (found suitable version "3.10.12", minimum required is "3.5") 
[0.967s] -- Using PYTHON_EXECUTABLE: /usr/bin/python3
[0.967s] -- Using PYTHON_INCLUDE_DIRS: /usr/include/python3.10
[0.967s] -- Using PYTHON_LIBRARIES: /usr/lib/x86_64-linux-gnu/libpython3.10.so
[0.982s] -- Found PythonExtra: .so  
[1.006s] -- Found ament_lint_auto: 0.12.11 (/opt/ros/humble/share/ament_lint_auto/cmake)
[1.018s] -- Added test 'lint_cmake' to check CMake code style
[1.019s] -- Added test 'xmllint' to check XML markup files
[1.020s] -- Configuring done
[1.036s] -- Generating done
[1.038s] -- Build files have been written to: /home/yanwen/ros2_tutorials/build/custom_interfaces
[1.042s] Invoked command in '/home/yanwen/ros2_tutorials/build/custom_interfaces' returned '0': CMAKE_PREFIX_PATH=${CMAKE_PREFIX_PATH}:/home/yanwen/ros2_tutorials/install/ros2_tutorials_py:/opt/ros/humble /usr/bin/cmake /home/yanwen/ros2_tutorials/src/custom_interfaces -DCMAKE_INSTALL_PREFIX=/home/yanwen/ros2_tutorials/install/custom_interfaces
[1.043s] Invoking command in '/home/yanwen/ros2_tutorials/build/custom_interfaces': CMAKE_PREFIX_PATH=${CMAKE_PREFIX_PATH}:/home/yanwen/ros2_tutorials/install/ros2_tutorials_py:/opt/ros/humble /usr/bin/cmake --build /home/yanwen/ros2_tutorials/build/custom_interfaces -- -j8 -l8
[1.069s] [  3%] [34m[1mGenerating C code for ROS interfaces[0m
[1.075s] [  6%] [34m[1mGenerating C++ code for ROS interfaces[0m
[1.081s] [  6%] Built target ament_cmake_python_copy_custom_interfaces
[1.257s] running egg_info
[1.257s] creating custom_interfaces.egg-info
[1.258s] writing custom_interfaces.egg-info/PKG-INFO
[1.258s] writing dependency_links to custom_interfaces.egg-info/dependency_links.txt
[1.258s] writing top-level names to custom_interfaces.egg-info/top_level.txt
[1.258s] writing manifest file 'custom_interfaces.egg-info/SOURCES.txt'
[1.261s] reading manifest file 'custom_interfaces.egg-info/SOURCES.txt'
[1.261s] writing manifest file 'custom_interfaces.egg-info/SOURCES.txt'
[1.280s] [  6%] Built target custom_interfaces__cpp
[1.284s] [  9%] [32mBuilding C object CMakeFiles/custom_interfaces__rosidl_generator_c.dir/rosidl_generator_c/custom_interfaces/srv/detail/add_two_ints__functions.c.o[0m
[1.287s] [ 16%] [34m[1mGenerating C++ type support for eProsima Fast-RTPS[0m
[1.287s] [ 16%] [34m[1mGenerating C++ type support dispatch for ROS interfaces[0m
[1.287s] [ 19%] [34m[1mGenerating C++ introspection for ROS interfaces[0m
[1.289s] [ 19%] Built target ament_cmake_python_build_custom_interfaces_egg
[1.323s] [ 22%] [32m[1mLinking C shared library libcustom_interfaces__rosidl_generator_c.so[0m
[1.351s] [ 22%] Built target custom_interfaces__rosidl_generator_c
[1.359s] [ 25%] [34m[1mGenerating C type support dispatch for ROS interfaces[0m
[1.360s] [ 32%] [34m[1mGenerating C type support for eProsima Fast-RTPS[0m
[1.361s] [ 32%] [34m[1mGenerating C introspection for ROS interfaces[0m
[1.481s] [ 35%] [32mBuilding CXX object CMakeFiles/custom_interfaces__rosidl_typesupport_cpp.dir/rosidl_typesupport_cpp/custom_interfaces/srv/add_two_ints__type_support.cpp.o[0m
[1.501s] [ 38%] [32mBuilding CXX object CMakeFiles/custom_interfaces__rosidl_typesupport_introspection_cpp.dir/rosidl_typesupport_introspection_cpp/custom_interfaces/srv/detail/add_two_ints__type_support.cpp.o[0m
[1.608s] [ 41%] [32mBuilding CXX object CMakeFiles/custom_interfaces__rosidl_typesupport_fastrtps_cpp.dir/rosidl_typesupport_fastrtps_cpp/custom_interfaces/srv/detail/dds_fastrtps/add_two_ints__type_support.cpp.o[0m
[1.662s] [ 45%] [32mBuilding C object CMakeFiles/custom_interfaces__rosidl_typesupport_introspection_c.dir/rosidl_typesupport_introspection_c/custom_interfaces/srv/detail/add_two_ints__type_support.c.o[0m
[1.665s] [ 48%] [32m[1mLinking CXX shared library libcustom_interfaces__rosidl_typesupport_cpp.so[0m
[1.669s] [ 51%] [32mBuilding CXX object CMakeFiles/custom_interfaces__rosidl_typesupport_c.dir/rosidl_typesupport_c/custom_interfaces/srv/add_two_ints__type_support.cpp.o[0m
[1.695s] [ 54%] [32m[1mLinking C shared library libcustom_interfaces__rosidl_typesupport_introspection_c.so[0m
[1.698s] [ 58%] [32m[1mLinking CXX shared library libcustom_interfaces__rosidl_typesupport_c.so[0m
[1.704s] [ 61%] [32mBuilding CXX object CMakeFiles/custom_interfaces__rosidl_typesupport_fastrtps_c.dir/rosidl_typesupport_fastrtps_c/custom_interfaces/srv/detail/add_two_ints__type_support_c.cpp.o[0m
[1.705s] [ 61%] Built target custom_interfaces__rosidl_typesupport_cpp
[1.725s] [ 61%] Built target custom_interfaces__rosidl_typesupport_introspection_c
[1.732s] [ 61%] Built target custom_interfaces__rosidl_typesupport_c
[1.795s] [ 64%] [32m[1mLinking CXX shared library libcustom_interfaces__rosidl_typesupport_introspection_cpp.so[0m
[1.824s] [ 64%] Built target custom_interfaces__rosidl_typesupport_introspection_cpp
[1.916s] [ 67%] [32m[1mLinking CXX shared library libcustom_interfaces__rosidl_typesupport_fastrtps_cpp.so[0m
[1.930s] [ 70%] [32m[1mLinking CXX shared library libcustom_interfaces__rosidl_typesupport_fastrtps_c.so[0m
[1.980s] [ 70%] Built target custom_interfaces__rosidl_typesupport_fastrtps_cpp
[1.994s] [ 70%] Built target custom_interfaces__rosidl_typesupport_fastrtps_c
[2.007s] [ 70%] Built target custom_interfaces
[2.021s] [ 74%] [34m[1mGenerating Python code for ROS interfaces[0m
[2.266s] [ 74%] Built target custom_interfaces__py
[2.279s] [ 77%] [32mBuilding C object CMakeFiles/custom_interfaces__rosidl_generator_py.dir/rosidl_generator_py/custom_interfaces/srv/_add_two_ints_s.c.o[0m
[2.344s] [ 80%] [32m[1mLinking C shared library rosidl_generator_py/custom_interfaces/libcustom_interfaces__rosidl_generator_py.so[0m
[2.372s] [ 80%] Built target custom_interfaces__rosidl_generator_py
[2.388s] [ 90%] [32mBuilding C object CMakeFiles/custom_interfaces__rosidl_typesupport_fastrtps_c__pyext.dir/rosidl_generator_py/custom_interfaces/_custom_interfaces_s.ep.rosidl_typesupport_fastrtps_c.c.o[0m
[2.388s] [ 90%] [32mBuilding C object CMakeFiles/custom_interfaces__rosidl_typesupport_c__pyext.dir/rosidl_generator_py/custom_interfaces/_custom_interfaces_s.ep.rosidl_typesupport_c.c.o[0m
[2.388s] [ 90%] [32mBuilding C object CMakeFiles/custom_interfaces__rosidl_typesupport_introspection_c__pyext.dir/rosidl_generator_py/custom_interfaces/_custom_interfaces_s.ep.rosidl_typesupport_introspection_c.c.o[0m
[2.451s] [ 96%] [32m[1mLinking C shared library rosidl_generator_py/custom_interfaces/custom_interfaces_s__rosidl_typesupport_c.cpython-310-x86_64-linux-gnu.so[0m
[2.451s] [ 96%] [32m[1mLinking C shared library rosidl_generator_py/custom_interfaces/custom_interfaces_s__rosidl_typesupport_introspection_c.cpython-310-x86_64-linux-gnu.so[0m
[2.454s] [100%] [32m[1mLinking C shared library rosidl_generator_py/custom_interfaces/custom_interfaces_s__rosidl_typesupport_fastrtps_c.cpython-310-x86_64-linux-gnu.so[0m
[2.474s] [100%] Built target custom_interfaces__rosidl_typesupport_introspection_c__pyext
[2.474s] [100%] Built target custom_interfaces__rosidl_typesupport_c__pyext
[2.476s] [100%] Built target custom_interfaces__rosidl_typesupport_fastrtps_c__pyext
[2.484s] Invoked command in '/home/yanwen/ros2_tutorials/build/custom_interfaces' returned '0': CMAKE_PREFIX_PATH=${CMAKE_PREFIX_PATH}:/home/yanwen/ros2_tutorials/install/ros2_tutorials_py:/opt/ros/humble /usr/bin/cmake --build /home/yanwen/ros2_tutorials/build/custom_interfaces -- -j8 -l8
[2.523s] Invoking command in '/home/yanwen/ros2_tutorials/build/custom_interfaces': CMAKE_PREFIX_PATH=${CMAKE_PREFIX_PATH}:/home/yanwen/ros2_tutorials/install/ros2_tutorials_py:/opt/ros/humble /usr/bin/cmake --install /home/yanwen/ros2_tutorials/build/custom_interfaces
[2.529s] -- Install configuration: ""
[2.529s] -- Installing: /home/yanwen/ros2_tutorials/install/custom_interfaces/share/ament_index/resource_index/rosidl_interfaces/custom_interfaces
[2.529s] -- Installing: /home/yanwen/ros2_tutorials/install/custom_interfaces/include/custom_interfaces/custom_interfaces
[2.529s] -- Installing: /home/yanwen/ros2_tutorials/install/custom_interfaces/include/custom_interfaces/custom_interfaces/srv
[2.529s] -- Installing: /home/yanwen/ros2_tutorials/install/custom_interfaces/include/custom_interfaces/custom_interfaces/srv/add_two_ints.h
[2.529s] -- Installing: /home/yanwen/ros2_tutorials/install/custom_interfaces/include/custom_interfaces/custom_interfaces/srv/detail
[2.529s] -- Installing: /home/yanwen/ros2_tutorials/install/custom_interfaces/include/custom_interfaces/custom_interfaces/srv/detail/add_two_ints__struct.h
[2.529s] -- Installing: /home/yanwen/ros2_tutorials/install/custom_interfaces/include/custom_interfaces/custom_interfaces/srv/detail/add_two_ints__type_support.h
[2.529s] -- Installing: /home/yanwen/ros2_tutorials/install/custom_interfaces/include/custom_interfaces/custom_interfaces/srv/detail/add_two_ints__functions.h
[2.529s] -- Installing: /home/yanwen/ros2_tutorials/install/custom_interfaces/include/custom_interfaces/custom_interfaces/srv/detail/add_two_ints__functions.c
[2.529s] -- Installing: /home/yanwen/ros2_tutorials/install/custom_interfaces/include/custom_interfaces/custom_interfaces/msg
[2.529s] -- Installing: /home/yanwen/ros2_tutorials/install/custom_interfaces/include/custom_interfaces/custom_interfaces/msg/rosidl_generator_c__visibility_control.h
[2.529s] -- Installing: /home/yanwen/ros2_tutorials/install/custom_interfaces/share/custom_interfaces/environment/library_path.sh
[2.529s] -- Installing: /home/yanwen/ros2_tutorials/install/custom_interfaces/share/custom_interfaces/environment/library_path.dsv
[2.530s] -- Installing: /home/yanwen/ros2_tutorials/install/custom_interfaces/lib/libcustom_interfaces__rosidl_generator_c.so
[2.530s] -- Set runtime path of "/home/yanwen/ros2_tutorials/install/custom_interfaces/lib/libcustom_interfaces__rosidl_generator_c.so" to ""
[2.530s] -- Up-to-date: /home/yanwen/ros2_tutorials/install/custom_interfaces/include/custom_interfaces/custom_interfaces
[2.530s] -- Up-to-date: /home/yanwen/ros2_tutorials/install/custom_interfaces/include/custom_interfaces/custom_interfaces/srv
[2.530s] -- Up-to-date: /home/yanwen/ros2_tutorials/install/custom_interfaces/include/custom_interfaces/custom_interfaces/srv/detail
[2.530s] -- Installing: /home/yanwen/ros2_tutorials/install/custom_interfaces/include/custom_interfaces/custom_interfaces/srv/detail/add_two_ints__rosidl_typesupport_fastrtps_c.h
[2.530s] -- Up-to-date: /home/yanwen/ros2_tutorials/install/custom_interfaces/include/custom_interfaces/custom_interfaces/msg
[2.530s] -- Installing: /home/yanwen/ros2_tutorials/install/custom_interfaces/include/custom_interfaces/custom_interfaces/msg/rosidl_typesupport_fastrtps_c__visibility_control.h
[2.530s] -- Installing: /home/yanwen/ros2_tutorials/install/custom_interfaces/lib/libcustom_interfaces__rosidl_typesupport_fastrtps_c.so
[2.530s] -- Set runtime path of "/home/yanwen/ros2_tutorials/install/custom_interfaces/lib/libcustom_interfaces__rosidl_typesupport_fastrtps_c.so" to ""
[2.530s] -- Up-to-date: /home/yanwen/ros2_tutorials/install/custom_interfaces/include/custom_interfaces/custom_interfaces
[2.530s] -- Up-to-date: /home/yanwen/ros2_tutorials/install/custom_interfaces/include/custom_interfaces/custom_interfaces/srv
[2.530s] -- Up-to-date: /home/yanwen/ros2_tutorials/install/custom_interfaces/include/custom_interfaces/custom_interfaces/srv/detail
[2.530s] -- Installing: /home/yanwen/ros2_tutorials/install/custom_interfaces/include/custom_interfaces/custom_interfaces/srv/detail/add_two_ints__type_support.c
[2.530s] -- Installing: /home/yanwen/ros2_tutorials/install/custom_interfaces/include/custom_interfaces/custom_interfaces/srv/detail/add_two_ints__rosidl_typesupport_introspection_c.h
[2.530s] -- Up-to-date: /home/yanwen/ros2_tutorials/install/custom_interfaces/include/custom_interfaces/custom_interfaces/msg
[2.530s] -- Installing: /home/yanwen/ros2_tutorials/install/custom_interfaces/include/custom_interfaces/custom_interfaces/msg/rosidl_typesupport_introspection_c__visibility_control.h
[2.530s] -- Installing: /home/yanwen/ros2_tutorials/install/custom_interfaces/lib/libcustom_interfaces__rosidl_typesupport_introspection_c.so
[2.531s] -- Set runtime path of "/home/yanwen/ros2_tutorials/install/custom_interfaces/lib/libcustom_interfaces__rosidl_typesupport_introspection_c.so" to ""
[2.531s] -- Installing: /home/yanwen/ros2_tutorials/install/custom_interfaces/lib/libcustom_interfaces__rosidl_typesupport_c.so
[2.531s] -- Set runtime path of "/home/yanwen/ros2_tutorials/install/custom_interfaces/lib/libcustom_interfaces__rosidl_typesupport_c.so" to ""
[2.531s] -- Up-to-date: /home/yanwen/ros2_tutorials/install/custom_interfaces/include/custom_interfaces/custom_interfaces
[2.531s] -- Up-to-date: /home/yanwen/ros2_tutorials/install/custom_interfaces/include/custom_interfaces/custom_interfaces/srv
[2.531s] -- Up-to-date: /home/yanwen/ros2_tutorials/install/custom_interfaces/include/custom_interfaces/custom_interfaces/srv/detail
[2.531s] -- Installing: /home/yanwen/ros2_tutorials/install/custom_interfaces/include/custom_interfaces/custom_interfaces/srv/detail/add_two_ints__builder.hpp
[2.531s] -- Installing: /home/yanwen/ros2_tutorials/install/custom_interfaces/include/custom_interfaces/custom_interfaces/srv/detail/add_two_ints__struct.hpp
[2.531s] -- Installing: /home/yanwen/ros2_tutorials/install/custom_interfaces/include/custom_interfaces/custom_interfaces/srv/detail/add_two_ints__traits.hpp
[2.531s] -- Installing: /home/yanwen/ros2_tutorials/install/custom_interfaces/include/custom_interfaces/custom_interfaces/srv/add_two_ints.hpp
[2.531s] -- Up-to-date: /home/yanwen/ros2_tutorials/install/custom_interfaces/include/custom_interfaces/custom_interfaces
[2.531s] -- Up-to-date: /home/yanwen/ros2_tutorials/install/custom_interfaces/include/custom_interfaces/custom_interfaces/srv
[2.531s] -- Up-to-date: /home/yanwen/ros2_tutorials/install/custom_interfaces/include/custom_interfaces/custom_interfaces/srv/detail
[2.531s] -- Installing: /home/yanwen/ros2_tutorials/install/custom_interfaces/include/custom_interfaces/custom_interfaces/srv/detail/add_two_ints__rosidl_typesupport_fastrtps_cpp.hpp
[2.531s] -- Installing: /home/yanwen/ros2_tutorials/install/custom_interfaces/include/custom_interfaces/custom_interfaces/srv/detail/dds_fastrtps
[2.531s] -- Up-to-date: /home/yanwen/ros2_tutorials/install/custom_interfaces/include/custom_interfaces/custom_interfaces/msg
[2.531s] -- Installing: /home/yanwen/ros2_tutorials/install/custom_interfaces/include/custom_interfaces/custom_interfaces/msg/rosidl_typesupport_fastrtps_cpp__visibility_control.h
[2.531s] -- Installing: /home/yanwen/ros2_tutorials/install/custom_interfaces/lib/libcustom_interfaces__rosidl_typesupport_fastrtps_cpp.so
[2.532s] -- Set runtime path of "/home/yanwen/ros2_tutorials/install/custom_interfaces/lib/libcustom_interfaces__rosidl_typesupport_fastrtps_cpp.so" to ""
[2.532s] -- Up-to-date: /home/yanwen/ros2_tutorials/install/custom_interfaces/include/custom_interfaces/custom_interfaces
[2.532s] -- Up-to-date: /home/yanwen/ros2_tutorials/install/custom_interfaces/include/custom_interfaces/custom_interfaces/srv
[2.532s] -- Up-to-date: /home/yanwen/ros2_tutorials/install/custom_interfaces/include/custom_interfaces/custom_interfaces/srv/detail
[2.532s] -- Installing: /home/yanwen/ros2_tutorials/install/custom_interfaces/include/custom_interfaces/custom_interfaces/srv/detail/add_two_ints__type_support.cpp
[2.532s] -- Installing: /home/yanwen/ros2_tutorials/install/custom_interfaces/include/custom_interfaces/custom_interfaces/srv/detail/add_two_ints__rosidl_typesupport_introspection_cpp.hpp
[2.532s] -- Installing: /home/yanwen/ros2_tutorials/install/custom_interfaces/lib/libcustom_interfaces__rosidl_typesupport_introspection_cpp.so
[2.532s] -- Set runtime path of "/home/yanwen/ros2_tutorials/install/custom_interfaces/lib/libcustom_interfaces__rosidl_typesupport_introspection_cpp.so" to ""
[2.532s] -- Installing: /home/yanwen/ros2_tutorials/install/custom_interfaces/lib/libcustom_interfaces__rosidl_typesupport_cpp.so
[2.532s] -- Set runtime path of "/home/yanwen/ros2_tutorials/install/custom_interfaces/lib/libcustom_interfaces__rosidl_typesupport_cpp.so" to ""
[2.532s] -- Installing: /home/yanwen/ros2_tutorials/install/custom_interfaces/share/custom_interfaces/environment/pythonpath.sh
[2.532s] -- Installing: /home/yanwen/ros2_tutorials/install/custom_interfaces/share/custom_interfaces/environment/pythonpath.dsv
[2.532s] -- Installing: /home/yanwen/ros2_tutorials/install/custom_interfaces/local/lib/python3.10/dist-packages/custom_interfaces-0.0.0-py3.10.egg-info
[2.532s] -- Installing: /home/yanwen/ros2_tutorials/install/custom_interfaces/local/lib/python3.10/dist-packages/custom_interfaces-0.0.0-py3.10.egg-info/top_level.txt
[2.532s] -- Installing: /home/yanwen/ros2_tutorials/install/custom_interfaces/local/lib/python3.10/dist-packages/custom_interfaces-0.0.0-py3.10.egg-info/dependency_links.txt
[2.532s] -- Installing: /home/yanwen/ros2_tutorials/install/custom_interfaces/local/lib/python3.10/dist-packages/custom_interfaces-0.0.0-py3.10.egg-info/SOURCES.txt
[2.532s] -- Installing: /home/yanwen/ros2_tutorials/install/custom_interfaces/local/lib/python3.10/dist-packages/custom_interfaces-0.0.0-py3.10.egg-info/PKG-INFO
[2.532s] -- Installing: /home/yanwen/ros2_tutorials/install/custom_interfaces/local/lib/python3.10/dist-packages/custom_interfaces
[2.533s] -- Installing: /home/yanwen/ros2_tutorials/install/custom_interfaces/local/lib/python3.10/dist-packages/custom_interfaces/libcustom_interfaces__rosidl_generator_py.so
[2.533s] -- Installing: /home/yanwen/ros2_tutorials/install/custom_interfaces/local/lib/python3.10/dist-packages/custom_interfaces/_custom_interfaces_s.ep.rosidl_typesupport_c.c
[2.533s] -- Installing: /home/yanwen/ros2_tutorials/install/custom_interfaces/local/lib/python3.10/dist-packages/custom_interfaces/srv
[2.533s] -- Installing: /home/yanwen/ros2_tutorials/install/custom_interfaces/local/lib/python3.10/dist-packages/custom_interfaces/srv/__init__.py
[2.533s] -- Installing: /home/yanwen/ros2_tutorials/install/custom_interfaces/local/lib/python3.10/dist-packages/custom_interfaces/srv/_add_two_ints_s.c
[2.533s] -- Installing: /home/yanwen/ros2_tutorials/install/custom_interfaces/local/lib/python3.10/dist-packages/custom_interfaces/srv/_add_two_ints.py
[2.533s] -- Installing: /home/yanwen/ros2_tutorials/install/custom_interfaces/local/lib/python3.10/dist-packages/custom_interfaces/custom_interfaces_s__rosidl_typesupport_c.cpython-310-x86_64-linux-gnu.so
[2.533s] -- Installing: /home/yanwen/ros2_tutorials/install/custom_interfaces/local/lib/python3.10/dist-packages/custom_interfaces/_custom_interfaces_s.ep.rosidl_typesupport_introspection_c.c
[2.533s] -- Installing: /home/yanwen/ros2_tutorials/install/custom_interfaces/local/lib/python3.10/dist-packages/custom_interfaces/__init__.py
[2.533s] -- Installing: /home/yanwen/ros2_tutorials/install/custom_interfaces/local/lib/python3.10/dist-packages/custom_interfaces/custom_interfaces_s__rosidl_typesupport_fastrtps_c.cpython-310-x86_64-linux-gnu.so
[2.533s] -- Installing: /home/yanwen/ros2_tutorials/install/custom_interfaces/local/lib/python3.10/dist-packages/custom_interfaces/_custom_interfaces_s.ep.rosidl_typesupport_fastrtps_c.c
[2.533s] -- Installing: /home/yanwen/ros2_tutorials/install/custom_interfaces/local/lib/python3.10/dist-packages/custom_interfaces/custom_interfaces_s__rosidl_typesupport_introspection_c.cpython-310-x86_64-linux-gnu.so
[2.557s] Listing '/home/yanwen/ros2_tutorials/install/custom_interfaces/local/lib/python3.10/dist-packages/custom_interfaces'...
[2.557s] Compiling '/home/yanwen/ros2_tutorials/install/custom_interfaces/local/lib/python3.10/dist-packages/custom_interfaces/__init__.py'...
[2.557s] Listing '/home/yanwen/ros2_tutorials/install/custom_interfaces/local/lib/python3.10/dist-packages/custom_interfaces/srv'...
[2.557s] Compiling '/home/yanwen/ros2_tutorials/install/custom_interfaces/local/lib/python3.10/dist-packages/custom_interfaces/srv/__init__.py'...
[2.557s] Compiling '/home/yanwen/ros2_tutorials/install/custom_interfaces/local/lib/python3.10/dist-packages/custom_interfaces/srv/_add_two_ints.py'...
[2.560s] -- Installing: /home/yanwen/ros2_tutorials/install/custom_interfaces/local/lib/python3.10/dist-packages/custom_interfaces/custom_interfaces_s__rosidl_typesupport_fastrtps_c.cpython-310-x86_64-linux-gnu.so
[2.560s] -- Set runtime path of "/home/yanwen/ros2_tutorials/install/custom_interfaces/local/lib/python3.10/dist-packages/custom_interfaces/custom_interfaces_s__rosidl_typesupport_fastrtps_c.cpython-310-x86_64-linux-gnu.so" to ""
[2.560s] -- Installing: /home/yanwen/ros2_tutorials/install/custom_interfaces/local/lib/python3.10/dist-packages/custom_interfaces/custom_interfaces_s__rosidl_typesupport_introspection_c.cpython-310-x86_64-linux-gnu.so
[2.560s] -- Set runtime path of "/home/yanwen/ros2_tutorials/install/custom_interfaces/local/lib/python3.10/dist-packages/custom_interfaces/custom_interfaces_s__rosidl_typesupport_introspection_c.cpython-310-x86_64-linux-gnu.so" to ""
[2.560s] -- Installing: /home/yanwen/ros2_tutorials/install/custom_interfaces/local/lib/python3.10/dist-packages/custom_interfaces/custom_interfaces_s__rosidl_typesupport_c.cpython-310-x86_64-linux-gnu.so
[2.560s] -- Set runtime path of "/home/yanwen/ros2_tutorials/install/custom_interfaces/local/lib/python3.10/dist-packages/custom_interfaces/custom_interfaces_s__rosidl_typesupport_c.cpython-310-x86_64-linux-gnu.so" to ""
[2.560s] -- Installing: /home/yanwen/ros2_tutorials/install/custom_interfaces/lib/libcustom_interfaces__rosidl_generator_py.so
[2.560s] -- Set runtime path of "/home/yanwen/ros2_tutorials/install/custom_interfaces/lib/libcustom_interfaces__rosidl_generator_py.so" to ""
[2.561s] -- Installing: /home/yanwen/ros2_tutorials/install/custom_interfaces/share/custom_interfaces/srv/AddTwoInts.idl
[2.561s] -- Installing: /home/yanwen/ros2_tutorials/install/custom_interfaces/share/custom_interfaces/srv/AddTwoInts.srv
[2.561s] -- Installing: /home/yanwen/ros2_tutorials/install/custom_interfaces/share/custom_interfaces/srv/AddTwoInts_Request.msg
[2.561s] -- Installing: /home/yanwen/ros2_tutorials/install/custom_interfaces/share/custom_interfaces/srv/AddTwoInts_Response.msg
[2.561s] -- Installing: /home/yanwen/ros2_tutorials/install/custom_interfaces/share/ament_index/resource_index/package_run_dependencies/custom_interfaces
[2.561s] -- Installing: /home/yanwen/ros2_tutorials/install/custom_interfaces/share/ament_index/resource_index/parent_prefix_path/custom_interfaces
[2.561s] -- Installing: /home/yanwen/ros2_tutorials/install/custom_interfaces/share/custom_interfaces/environment/ament_prefix_path.sh
[2.561s] -- Installing: /home/yanwen/ros2_tutorials/install/custom_interfaces/share/custom_interfaces/environment/ament_prefix_path.dsv
[2.561s] -- Installing: /home/yanwen/ros2_tutorials/install/custom_interfaces/share/custom_interfaces/environment/path.sh
[2.561s] -- Installing: /home/yanwen/ros2_tutorials/install/custom_interfaces/share/custom_interfaces/environment/path.dsv
[2.561s] -- Installing: /home/yanwen/ros2_tutorials/install/custom_interfaces/share/custom_interfaces/local_setup.bash
[2.561s] -- Installing: /home/yanwen/ros2_tutorials/install/custom_interfaces/share/custom_interfaces/local_setup.sh
[2.561s] -- Installing: /home/yanwen/ros2_tutorials/install/custom_interfaces/share/custom_interfaces/local_setup.zsh
[2.561s] -- Installing: /home/yanwen/ros2_tutorials/install/custom_interfaces/share/custom_interfaces/local_setup.dsv
[2.561s] -- Installing: /home/yanwen/ros2_tutorials/install/custom_interfaces/share/custom_interfaces/package.dsv
[2.562s] -- Installing: /home/yanwen/ros2_tutorials/install/custom_interfaces/share/ament_index/resource_index/packages/custom_interfaces
[2.562s] -- Installing: /home/yanwen/ros2_tutorials/install/custom_interfaces/share/custom_interfaces/cmake/export_custom_interfaces__rosidl_generator_cExport.cmake
[2.562s] -- Installing: /home/yanwen/ros2_tutorials/install/custom_interfaces/share/custom_interfaces/cmake/export_custom_interfaces__rosidl_generator_cExport-noconfig.cmake
[2.562s] -- Installing: /home/yanwen/ros2_tutorials/install/custom_interfaces/share/custom_interfaces/cmake/export_custom_interfaces__rosidl_typesupport_fastrtps_cExport.cmake
[2.562s] -- Installing: /home/yanwen/ros2_tutorials/install/custom_interfaces/share/custom_interfaces/cmake/export_custom_interfaces__rosidl_typesupport_fastrtps_cExport-noconfig.cmake
[2.562s] -- Installing: /home/yanwen/ros2_tutorials/install/custom_interfaces/share/custom_interfaces/cmake/custom_interfaces__rosidl_typesupport_introspection_cExport.cmake
[2.562s] -- Installing: /home/yanwen/ros2_tutorials/install/custom_interfaces/share/custom_interfaces/cmake/custom_interfaces__rosidl_typesupport_introspection_cExport-noconfig.cmake
[2.562s] -- Installing: /home/yanwen/ros2_tutorials/install/custom_interfaces/share/custom_interfaces/cmake/custom_interfaces__rosidl_typesupport_cExport.cmake
[2.562s] -- Installing: /home/yanwen/ros2_tutorials/install/custom_interfaces/share/custom_interfaces/cmake/custom_interfaces__rosidl_typesupport_cExport-noconfig.cmake
[2.562s] -- Installing: /home/yanwen/ros2_tutorials/install/custom_interfaces/share/custom_interfaces/cmake/export_custom_interfaces__rosidl_generator_cppExport.cmake
[2.562s] -- Installing: /home/yanwen/ros2_tutorials/install/custom_interfaces/share/custom_interfaces/cmake/export_custom_interfaces__rosidl_typesupport_fastrtps_cppExport.cmake
[2.562s] -- Installing: /home/yanwen/ros2_tutorials/install/custom_interfaces/share/custom_interfaces/cmake/export_custom_interfaces__rosidl_typesupport_fastrtps_cppExport-noconfig.cmake
[2.562s] -- Installing: /home/yanwen/ros2_tutorials/install/custom_interfaces/share/custom_interfaces/cmake/custom_interfaces__rosidl_typesupport_introspection_cppExport.cmake
[2.562s] -- Installing: /home/yanwen/ros2_tutorials/install/custom_interfaces/share/custom_interfaces/cmake/custom_interfaces__rosidl_typesupport_introspection_cppExport-noconfig.cmake
[2.562s] -- Installing: /home/yanwen/ros2_tutorials/install/custom_interfaces/share/custom_interfaces/cmake/custom_interfaces__rosidl_typesupport_cppExport.cmake
[2.563s] -- Installing: /home/yanwen/ros2_tutorials/install/custom_interfaces/share/custom_interfaces/cmake/custom_interfaces__rosidl_typesupport_cppExport-noconfig.cmake
[2.563s] -- Installing: /home/yanwen/ros2_tutorials/install/custom_interfaces/share/custom_interfaces/cmake/export_custom_interfaces__rosidl_generator_pyExport.cmake
[2.563s] -- Installing: /home/yanwen/ros2_tutorials/install/custom_interfaces/share/custom_interfaces/cmake/export_custom_interfaces__rosidl_generator_pyExport-noconfig.cmake
[2.563s] -- Installing: /home/yanwen/ros2_tutorials/install/custom_interfaces/share/custom_interfaces/cmake/rosidl_cmake-extras.cmake
[2.563s] -- Installing: /home/yanwen/ros2_tutorials/install/custom_interfaces/share/custom_interfaces/cmake/ament_cmake_export_include_directories-extras.cmake
[2.563s] -- Installing: /home/yanwen/ros2_tutorials/install/custom_interfaces/share/custom_interfaces/cmake/ament_cmake_export_libraries-extras.cmake
[2.563s] -- Installing: /home/yanwen/ros2_tutorials/install/custom_interfaces/share/custom_interfaces/cmake/ament_cmake_export_targets-extras.cmake
[2.563s] -- Installing: /home/yanwen/ros2_tutorials/install/custom_interfaces/share/custom_interfaces/cmake/rosidl_cmake_export_typesupport_targets-extras.cmake
[2.563s] -- Installing: /home/yanwen/ros2_tutorials/install/custom_interfaces/share/custom_interfaces/cmake/ament_cmake_export_dependencies-extras.cmake
[2.563s] -- Installing: /home/yanwen/ros2_tutorials/install/custom_interfaces/share/custom_interfaces/cmake/rosidl_cmake_export_typesupport_libraries-extras.cmake
[2.563s] -- Installing: /home/yanwen/ros2_tutorials/install/custom_interfaces/share/custom_interfaces/cmake/custom_interfacesConfig.cmake
[2.563s] -- Installing: /home/yanwen/ros2_tutorials/install/custom_interfaces/share/custom_interfaces/cmake/custom_interfacesConfig-version.cmake
[2.563s] -- Installing: /home/yanwen/ros2_tutorials/install/custom_interfaces/share/custom_interfaces/package.xml
[2.565s] Invoked command in '/home/yanwen/ros2_tutorials/build/custom_interfaces' returned '0': CMAKE_PREFIX_PATH=${CMAKE_PREFIX_PATH}:/home/yanwen/ros2_tutorials/install/ros2_tutorials_py:/opt/ros/humble /usr/bin/cmake --install /home/yanwen/ros2_tutorials/build/custom_interfaces
