[0.010s] Invoking command in '/home/yanwen/ros2_tutorials/build/ros2_tutorials_cpp': CMAKE_PREFIX_PATH=${CMAKE_PREFIX_PATH}:/home/yanwen/ros2_tutorials/install/ros2_tutorials_py:/opt/ros/humble /usr/bin/cmake /home/yanwen/ros2_tutorials/src/ros2_tutorials_cpp -DCMAKE_INSTALL_PREFIX=/home/yanwen/ros2_tutorials/install/ros2_tutorials_cpp
[0.045s] -- The C compiler identification is GNU 11.4.0
[0.087s] -- The CXX compiler identification is GNU 11.4.0
[0.093s] -- Detecting C compiler ABI info
[0.142s] -- Detecting C compiler ABI info - done
[0.151s] -- Check for working C compiler: /usr/bin/cc - skipped
[0.151s] -- Detecting C compile features
[0.152s] -- Detecting C compile features - done
[0.155s] -- Detecting CXX compiler ABI info
[0.213s] -- Detecting CXX compiler ABI info - done
[0.218s] -- Check for working CXX compiler: /usr/bin/c++ - skipped
[0.218s] -- Detecting CXX compile features
[0.219s] -- Detecting CXX compile features - done
[0.220s] -- Found ament_cmake: 1.3.9 (/opt/ros/humble/share/ament_cmake/cmake)
[0.332s] -- Found Python3: /usr/bin/python3 (found version "3.10.12") found components: Interpreter 
[0.405s] -- Found rclcpp: 16.0.9 (/opt/ros/humble/share/rclcpp/cmake)
[0.436s] -- Found rosidl_generator_c: 3.1.5 (/opt/ros/humble/share/rosidl_generator_c/cmake)
[0.439s] -- Found rosidl_adapter: 3.1.5 (/opt/ros/humble/share/rosidl_adapter/cmake)
[0.445s] -- Found rosidl_generator_cpp: 3.1.5 (/opt/ros/humble/share/rosidl_generator_cpp/cmake)
[0.455s] -- Using all available rosidl_typesupport_c: rosidl_typesupport_fastrtps_c;rosidl_typesupport_introspection_c
[0.469s] -- Using all available rosidl_typesupport_cpp: rosidl_typesupport_fastrtps_cpp;rosidl_typesupport_introspection_cpp
[0.518s] -- Found rmw_implementation_cmake: 6.1.2 (/opt/ros/humble/share/rmw_implementation_cmake/cmake)
[0.520s] -- Found rmw_fastrtps_cpp: 6.2.6 (/opt/ros/humble/share/rmw_fastrtps_cpp/cmake)
[0.587s] -- Found OpenSSL: /usr/lib/x86_64-linux-gnu/libcrypto.so (found version "3.0.2")  
[0.616s] -- Found FastRTPS: /opt/ros/humble/include  
[0.656s] -- Using RMW implementation 'rmw_fastrtps_cpp' as default
[0.662s] -- Looking for pthread.h
[0.712s] -- Looking for pthread.h - found
[0.712s] -- Performing Test CMAKE_HAVE_LIBC_PTHREAD
[0.765s] -- Performing Test CMAKE_HAVE_LIBC_PTHREAD - Success
[0.766s] -- Found Threads: TRUE  
[0.876s] -- Found ament_lint_auto: 0.12.11 (/opt/ros/humble/share/ament_lint_auto/cmake)
[0.930s] -- Added test 'lint_cmake' to check CMake code style
[0.931s] -- Added test 'xmllint' to check XML markup files
[0.931s] -- Configuring done
[0.934s] -- Generating done
[0.935s] -- Build files have been written to: /home/yanwen/ros2_tutorials/build/ros2_tutorials_cpp
[0.941s] Invoked command in '/home/yanwen/ros2_tutorials/build/ros2_tutorials_cpp' returned '0': CMAKE_PREFIX_PATH=${CMAKE_PREFIX_PATH}:/home/yanwen/ros2_tutorials/install/ros2_tutorials_py:/opt/ros/humble /usr/bin/cmake /home/yanwen/ros2_tutorials/src/ros2_tutorials_cpp -DCMAKE_INSTALL_PREFIX=/home/yanwen/ros2_tutorials/install/ros2_tutorials_cpp
[0.942s] Invoking command in '/home/yanwen/ros2_tutorials/build/ros2_tutorials_cpp': CMAKE_PREFIX_PATH=${CMAKE_PREFIX_PATH}:/home/yanwen/ros2_tutorials/install/ros2_tutorials_py:/opt/ros/humble /usr/bin/cmake --build /home/yanwen/ros2_tutorials/build/ros2_tutorials_cpp -- -j8 -l8
[0.971s] Invoked command in '/home/yanwen/ros2_tutorials/build/ros2_tutorials_cpp' returned '0': CMAKE_PREFIX_PATH=${CMAKE_PREFIX_PATH}:/home/yanwen/ros2_tutorials/install/ros2_tutorials_py:/opt/ros/humble /usr/bin/cmake --build /home/yanwen/ros2_tutorials/build/ros2_tutorials_cpp -- -j8 -l8
[0.991s] Invoking command in '/home/yanwen/ros2_tutorials/build/ros2_tutorials_cpp': CMAKE_PREFIX_PATH=${CMAKE_PREFIX_PATH}:/home/yanwen/ros2_tutorials/install/ros2_tutorials_py:/opt/ros/humble /usr/bin/cmake --install /home/yanwen/ros2_tutorials/build/ros2_tutorials_cpp
[0.996s] -- Install configuration: ""
[0.996s] -- Installing: /home/yanwen/ros2_tutorials/install/ros2_tutorials_cpp/share/ament_index/resource_index/package_run_dependencies/ros2_tutorials_cpp
[0.996s] -- Installing: /home/yanwen/ros2_tutorials/install/ros2_tutorials_cpp/share/ament_index/resource_index/parent_prefix_path/ros2_tutorials_cpp
[0.996s] -- Installing: /home/yanwen/ros2_tutorials/install/ros2_tutorials_cpp/share/ros2_tutorials_cpp/environment/ament_prefix_path.sh
[0.996s] -- Installing: /home/yanwen/ros2_tutorials/install/ros2_tutorials_cpp/share/ros2_tutorials_cpp/environment/ament_prefix_path.dsv
[0.996s] -- Installing: /home/yanwen/ros2_tutorials/install/ros2_tutorials_cpp/share/ros2_tutorials_cpp/environment/path.sh
[0.996s] -- Installing: /home/yanwen/ros2_tutorials/install/ros2_tutorials_cpp/share/ros2_tutorials_cpp/environment/path.dsv
[0.996s] -- Installing: /home/yanwen/ros2_tutorials/install/ros2_tutorials_cpp/share/ros2_tutorials_cpp/local_setup.bash
[0.996s] -- Installing: /home/yanwen/ros2_tutorials/install/ros2_tutorials_cpp/share/ros2_tutorials_cpp/local_setup.sh
[0.996s] -- Installing: /home/yanwen/ros2_tutorials/install/ros2_tutorials_cpp/share/ros2_tutorials_cpp/local_setup.zsh
[0.996s] -- Installing: /home/yanwen/ros2_tutorials/install/ros2_tutorials_cpp/share/ros2_tutorials_cpp/local_setup.dsv
[0.996s] -- Installing: /home/yanwen/ros2_tutorials/install/ros2_tutorials_cpp/share/ros2_tutorials_cpp/package.dsv
[0.997s] -- Installing: /home/yanwen/ros2_tutorials/install/ros2_tutorials_cpp/share/ament_index/resource_index/packages/ros2_tutorials_cpp
[0.997s] -- Installing: /home/yanwen/ros2_tutorials/install/ros2_tutorials_cpp/share/ros2_tutorials_cpp/cmake/ros2_tutorials_cppConfig.cmake
[0.997s] -- Installing: /home/yanwen/ros2_tutorials/install/ros2_tutorials_cpp/share/ros2_tutorials_cpp/cmake/ros2_tutorials_cppConfig-version.cmake
[0.997s] -- Installing: /home/yanwen/ros2_tutorials/install/ros2_tutorials_cpp/share/ros2_tutorials_cpp/package.xml
[0.998s] Invoked command in '/home/yanwen/ros2_tutorials/build/ros2_tutorials_cpp' returned '0': CMAKE_PREFIX_PATH=${CMAKE_PREFIX_PATH}:/home/yanwen/ros2_tutorials/install/ros2_tutorials_py:/opt/ros/humble /usr/bin/cmake --install /home/yanwen/ros2_tutorials/build/ros2_tutorials_cpp
