[0.508s] Invoking command in '/home/yanwen/ros2_tutorials/src/ros2_tutorials_py': PYTHONPATH=/home/yanwen/ros2_tutorials/build/ros2_tutorials_py/prefix_override:/home/yanwen/ros2_tutorials/install/ros2_tutorials_py/lib/python3.10/site-packages:${PYTHONPATH} /usr/bin/python3 -W ignore:setup.py install is deprecated setup.py egg_info --egg-base ../../build/ros2_tutorials_py build --build-base /home/yanwen/ros2_tutorials/build/ros2_tutorials_py/build install --record /home/yanwen/ros2_tutorials/build/ros2_tutorials_py/install.log --single-version-externally-managed install_data
[0.674s] running egg_info
[0.674s] writing ../../build/ros2_tutorials_py/ros2_tutorials_py.egg-info/PKG-INFO
[0.675s] writing dependency_links to ../../build/ros2_tutorials_py/ros2_tutorials_py.egg-info/dependency_links.txt
[0.675s] writing entry points to ../../build/ros2_tutorials_py/ros2_tutorials_py.egg-info/entry_points.txt
[0.675s] writing requirements to ../../build/ros2_tutorials_py/ros2_tutorials_py.egg-info/requires.txt
[0.675s] writing top-level names to ../../build/ros2_tutorials_py/ros2_tutorials_py.egg-info/top_level.txt
[0.677s] reading manifest file '../../build/ros2_tutorials_py/ros2_tutorials_py.egg-info/SOURCES.txt'
[0.677s] writing manifest file '../../build/ros2_tutorials_py/ros2_tutorials_py.egg-info/SOURCES.txt'
[0.678s] running build
[0.678s] running build_py
[0.678s] running install
[0.678s] running install_lib
[0.679s] running install_data
[0.679s] copying launch/talker_listerner.launch.py -> /home/yanwen/ros2_tutorials/install/ros2_tutorials_py/share/ros2_tutorials_py/launch/
[0.679s] running install_egg_info
[0.681s] removing '/home/yanwen/ros2_tutorials/install/ros2_tutorials_py/lib/python3.10/site-packages/ros2_tutorials_py-0.0.0-py3.10.egg-info' (and everything under it)
[0.681s] Copying ../../build/ros2_tutorials_py/ros2_tutorials_py.egg-info to /home/yanwen/ros2_tutorials/install/ros2_tutorials_py/lib/python3.10/site-packages/ros2_tutorials_py-0.0.0-py3.10.egg-info
[0.682s] running install_scripts
[0.698s] Installing client_node script to /home/yanwen/ros2_tutorials/install/ros2_tutorials_py/lib/ros2_tutorials_py
[0.698s] Installing listener_client_node script to /home/yanwen/ros2_tutorials/install/ros2_tutorials_py/lib/ros2_tutorials_py
[0.698s] Installing listener_node script to /home/yanwen/ros2_tutorials/install/ros2_tutorials_py/lib/ros2_tutorials_py
[0.698s] Installing service_node script to /home/yanwen/ros2_tutorials/install/ros2_tutorials_py/lib/ros2_tutorials_py
[0.698s] Installing talker_node script to /home/yanwen/ros2_tutorials/install/ros2_tutorials_py/lib/ros2_tutorials_py
[0.699s] writing list of installed files to '/home/yanwen/ros2_tutorials/build/ros2_tutorials_py/install.log'
[0.729s] Invoked command in '/home/yanwen/ros2_tutorials/src/ros2_tutorials_py' returned '0': PYTHONPATH=/home/yanwen/ros2_tutorials/build/ros2_tutorials_py/prefix_override:/home/yanwen/ros2_tutorials/install/ros2_tutorials_py/lib/python3.10/site-packages:${PYTHONPATH} /usr/bin/python3 -W ignore:setup.py install is deprecated setup.py egg_info --egg-base ../../build/ros2_tutorials_py build --build-base /home/yanwen/ros2_tutorials/build/ros2_tutorials_py/build install --record /home/yanwen/ros2_tutorials/build/ros2_tutorials_py/install.log --single-version-externally-managed install_data
