[0.469s] Invoking command in '/home/yanwen/ros2_tutorials/src/ros2_tutorials_py': PYTHONPATH=/home/yanwen/ros2_tutorials/build/ros2_tutorials_py/prefix_override:/home/yanwen/ros2_tutorials/install/ros2_tutorials_py/lib/python3.10/site-packages:${PYTHONPATH} /usr/bin/python3 -W ignore:setup.py install is deprecated setup.py egg_info --egg-base ../../build/ros2_tutorials_py build --build-base /home/yanwen/ros2_tutorials/build/ros2_tutorials_py/build install --record /home/yanwen/ros2_tutorials/build/ros2_tutorials_py/install.log --single-version-externally-managed install_data
[0.622s] running egg_info
[0.623s] writing ../../build/ros2_tutorials_py/ros2_tutorials_py.egg-info/PKG-INFO
[0.623s] writing dependency_links to ../../build/ros2_tutorials_py/ros2_tutorials_py.egg-info/dependency_links.txt
[0.623s] writing entry points to ../../build/ros2_tutorials_py/ros2_tutorials_py.egg-info/entry_points.txt
[0.623s] writing requirements to ../../build/ros2_tutorials_py/ros2_tutorials_py.egg-info/requires.txt
[0.623s] writing top-level names to ../../build/ros2_tutorials_py/ros2_tutorials_py.egg-info/top_level.txt
[0.625s] reading manifest file '../../build/ros2_tutorials_py/ros2_tutorials_py.egg-info/SOURCES.txt'
[0.625s] writing manifest file '../../build/ros2_tutorials_py/ros2_tutorials_py.egg-info/SOURCES.txt'
[0.625s] running build
[0.625s] running build_py
[0.626s] copying ros2_tutorials_py/listener_node.py -> /home/yanwen/ros2_tutorials/build/ros2_tutorials_py/build/lib/ros2_tutorials_py
[0.626s] copying ros2_tutorials_py/talker_node.py -> /home/yanwen/ros2_tutorials/build/ros2_tutorials_py/build/lib/ros2_tutorials_py
[0.626s] running install
[0.626s] running install_lib
[0.626s] copying /home/yanwen/ros2_tutorials/build/ros2_tutorials_py/build/lib/ros2_tutorials_py/listener_node.py -> /home/yanwen/ros2_tutorials/install/ros2_tutorials_py/lib/python3.10/site-packages/ros2_tutorials_py
[0.626s] copying /home/yanwen/ros2_tutorials/build/ros2_tutorials_py/build/lib/ros2_tutorials_py/talker_node.py -> /home/yanwen/ros2_tutorials/install/ros2_tutorials_py/lib/python3.10/site-packages/ros2_tutorials_py
[0.627s] byte-compiling /home/yanwen/ros2_tutorials/install/ros2_tutorials_py/lib/python3.10/site-packages/ros2_tutorials_py/listener_node.py to listener_node.cpython-310.pyc
[0.627s] byte-compiling /home/yanwen/ros2_tutorials/install/ros2_tutorials_py/lib/python3.10/site-packages/ros2_tutorials_py/talker_node.py to talker_node.cpython-310.pyc
[0.627s] running install_data
[0.628s] copying launch/talker_listerner.launch.py -> /home/yanwen/ros2_tutorials/install/ros2_tutorials_py/share/ros2_tutorials_py/launch/
[0.628s] running install_egg_info
[0.629s] removing '/home/yanwen/ros2_tutorials/install/ros2_tutorials_py/lib/python3.10/site-packages/ros2_tutorials_py-0.0.0-py3.10.egg-info' (and everything under it)
[0.629s] Copying ../../build/ros2_tutorials_py/ros2_tutorials_py.egg-info to /home/yanwen/ros2_tutorials/install/ros2_tutorials_py/lib/python3.10/site-packages/ros2_tutorials_py-0.0.0-py3.10.egg-info
[0.629s] running install_scripts
[0.643s] Installing client_node script to /home/yanwen/ros2_tutorials/install/ros2_tutorials_py/lib/ros2_tutorials_py
[0.643s] Installing listener_client_node script to /home/yanwen/ros2_tutorials/install/ros2_tutorials_py/lib/ros2_tutorials_py
[0.643s] Installing listener_node script to /home/yanwen/ros2_tutorials/install/ros2_tutorials_py/lib/ros2_tutorials_py
[0.643s] Installing service_node script to /home/yanwen/ros2_tutorials/install/ros2_tutorials_py/lib/ros2_tutorials_py
[0.644s] Installing talker_node script to /home/yanwen/ros2_tutorials/install/ros2_tutorials_py/lib/ros2_tutorials_py
[0.644s] writing list of installed files to '/home/yanwen/ros2_tutorials/build/ros2_tutorials_py/install.log'
[0.664s] Invoked command in '/home/yanwen/ros2_tutorials/src/ros2_tutorials_py' returned '0': PYTHONPATH=/home/yanwen/ros2_tutorials/build/ros2_tutorials_py/prefix_override:/home/yanwen/ros2_tutorials/install/ros2_tutorials_py/lib/python3.10/site-packages:${PYTHONPATH} /usr/bin/python3 -W ignore:setup.py install is deprecated setup.py egg_info --egg-base ../../build/ros2_tutorials_py build --build-base /home/yanwen/ros2_tutorials/build/ros2_tutorials_py/build install --record /home/yanwen/ros2_tutorials/build/ros2_tutorials_py/install.log --single-version-externally-managed install_data
