/home/yanwen/ros2_tutorials/install/ros2_tutorials_py/lib/python3.10/site-packages/ros2_tutorials_py/listener_node.py
/home/yanwen/ros2_tutorials/install/ros2_tutorials_py/lib/python3.10/site-packages/ros2_tutorials_py/talker_node.py
/home/yanwen/ros2_tutorials/install/ros2_tutorials_py/lib/python3.10/site-packages/ros2_tutorials_py/__init__.py
/home/yanwen/ros2_tutorials/install/ros2_tutorials_py/lib/python3.10/site-packages/ros2_tutorials_py/listener_client_node.py
/home/yanwen/ros2_tutorials/install/ros2_tutorials_py/lib/python3.10/site-packages/ros2_tutorials_py/client_node.py
/home/yanwen/ros2_tutorials/install/ros2_tutorials_py/lib/python3.10/site-packages/ros2_tutorials_py/service_node.py
/home/yanwen/ros2_tutorials/install/ros2_tutorials_py/lib/python3.10/site-packages/ros2_tutorials_py/__pycache__/listener_node.cpython-310.pyc
/home/yanwen/ros2_tutorials/install/ros2_tutorials_py/lib/python3.10/site-packages/ros2_tutorials_py/__pycache__/talker_node.cpython-310.pyc
/home/yanwen/ros2_tutorials/install/ros2_tutorials_py/lib/python3.10/site-packages/ros2_tutorials_py/__pycache__/__init__.cpython-310.pyc
/home/yanwen/ros2_tutorials/install/ros2_tutorials_py/lib/python3.10/site-packages/ros2_tutorials_py/__pycache__/listener_client_node.cpython-310.pyc
/home/yanwen/ros2_tutorials/install/ros2_tutorials_py/lib/python3.10/site-packages/ros2_tutorials_py/__pycache__/client_node.cpython-310.pyc
/home/yanwen/ros2_tutorials/install/ros2_tutorials_py/lib/python3.10/site-packages/ros2_tutorials_py/__pycache__/service_node.cpython-310.pyc
/home/yanwen/ros2_tutorials/install/ros2_tutorials_py/share/ament_index/resource_index/packages/ros2_tutorials_py
/home/yanwen/ros2_tutorials/install/ros2_tutorials_py/share/ros2_tutorials_py/package.xml
/home/yanwen/ros2_tutorials/install/ros2_tutorials_py/share/ros2_tutorials_py/launch/talker_listerner.launch.py
/home/yanwen/ros2_tutorials/install/ros2_tutorials_py/lib/python3.10/site-packages/ros2_tutorials_py-0.0.0-py3.10.egg-info/requires.txt
/home/yanwen/ros2_tutorials/install/ros2_tutorials_py/lib/python3.10/site-packages/ros2_tutorials_py-0.0.0-py3.10.egg-info/top_level.txt
/home/yanwen/ros2_tutorials/install/ros2_tutorials_py/lib/python3.10/site-packages/ros2_tutorials_py-0.0.0-py3.10.egg-info/dependency_links.txt
/home/yanwen/ros2_tutorials/install/ros2_tutorials_py/lib/python3.10/site-packages/ros2_tutorials_py-0.0.0-py3.10.egg-info/SOURCES.txt
/home/yanwen/ros2_tutorials/install/ros2_tutorials_py/lib/python3.10/site-packages/ros2_tutorials_py-0.0.0-py3.10.egg-info/PKG-INFO
/home/yanwen/ros2_tutorials/install/ros2_tutorials_py/lib/python3.10/site-packages/ros2_tutorials_py-0.0.0-py3.10.egg-info/entry_points.txt
/home/yanwen/ros2_tutorials/install/ros2_tutorials_py/lib/python3.10/site-packages/ros2_tutorials_py-0.0.0-py3.10.egg-info/zip-safe
/home/yanwen/ros2_tutorials/install/ros2_tutorials_py/lib/ros2_tutorials_py/client_node
/home/yanwen/ros2_tutorials/install/ros2_tutorials_py/lib/ros2_tutorials_py/listener_client_node
/home/yanwen/ros2_tutorials/install/ros2_tutorials_py/lib/ros2_tutorials_py/listener_node
/home/yanwen/ros2_tutorials/install/ros2_tutorials_py/lib/ros2_tutorials_py/service_node
/home/yanwen/ros2_tutorials/install/ros2_tutorials_py/lib/ros2_tutorials_py/talker_node
